<?xml version="1.0" encoding="UTF-8"?>
<!-- Generated by org.testng.reporters.JUnitXMLReporter -->
<testsuite ignored="5" hostname="kingsly" failures="0" tests="1" name="Surefire test" time="0.171" errors="0" timestamp="2026-06-29T23:56:16 IST">
  <testcase classname="com.flexilant.CsvFileComparisonTest" name="printBothHeader" time="0.065"/>
  <testcase classname="com.flexilant.CsvFileComparisonTest" name="commonHeaders" time="0.0">
    <ignored/>
  </testcase> <!-- commonHeaders -->
  <testcase classname="com.flexilant.CsvFileComparisonTest" name="headerSequence" time="0.0">
    <ignored/>
  </testcase> <!-- headerSequence -->
  <testcase classname="com.flexilant.CsvFileComparisonTest" name="emptyFileHandling" time="0.0">
    <ignored/>
  </testcase> <!-- emptyFileHandling -->
  <testcase classname="com.flexilant.CsvFileComparisonTest" name="missingFilePaths" time="0.0">
    <ignored/>
  </testcase> <!-- missingFilePaths -->
  <testcase classname="com.flexilant.CsvFileComparisonTest" name="fileWithIdenticalHeaders" time="0.0">
    <ignored/>
  </testcase> <!-- fileWithIdenticalHeaders -->
</testsuite> <!-- Surefire test -->
