<?xml version="1.0" encoding="UTF-8"?>
<testsuite xmlns:xsi="http://www.w3.org/2001/XMLSchema-instance" xsi:noNamespaceSchemaLocation="https://maven.apache.org/surefire/maven-surefire-plugin/xsd/surefire-test-report-3.0.xsd" version="3.0" name="com.flexilant.CsvFileComparisonTest" time="0.963" tests="1" errors="0" skipped="0" failures="0">
  <properties>
[...]
</properties>
  <testcase name="printBothHeader" classname="com.flexilant.CsvFileComparisonTest" time="0.139">
    <system-out><![CDATA[2026-06-29 23:56:15.978 [main] INFO  com.flexilant.CsvFileComparisonTest - order_id
2026-06-29 23:56:15.979 [main] INFO  com.flexilant.CsvFileComparisonTest - customer_id
2026-06-29 23:56:15.980 [main] INFO  com.flexilant.CsvFileComparisonTest - amount
2026-06-29 23:56:15.980 [main] INFO  com.flexilant.CsvFileComparisonTest - currency
2026-06-29 23:56:15.980 [main] INFO  com.flexilant.CsvFileComparisonTest - status
2026-06-29 23:56:15.980 [main] INFO  com.flexilant.CsvFileComparisonTest - created_at
2026-06-29 23:56:15.980 [main] INFO  com.flexilant.CsvFileComparisonTest - country
2026-06-29 23:56:15.980 [main] INFO  com.flexilant.CsvFileComparisonTest - order_id
2026-06-29 23:56:15.980 [main] INFO  com.flexilant.CsvFileComparisonTest - customer_id
2026-06-29 23:56:15.980 [main] INFO  com.flexilant.CsvFileComparisonTest - total_amount
2026-06-29 23:56:15.980 [main] INFO  com.flexilant.CsvFileComparisonTest - currency
2026-06-29 23:56:15.981 [main] INFO  com.flexilant.CsvFileComparisonTest - status
2026-06-29 23:56:15.981 [main] INFO  com.flexilant.CsvFileComparisonTest - processed_at
2026-06-29 23:56:15.981 [main] INFO  com.flexilant.CsvFileComparisonTest - country_code
]]></system-out>
  </testcase>
</testsuite>