<?xml version="1.0" encoding="UTF-8"?>
<testng-results ignored="5" total="6" passed="1" failed="0" skipped="0">
  <reporter-output>
  </reporter-output>
  <suite started-at="2026-06-29T23:56:15 IST" name="Surefire suite" finished-at="2026-06-29T23:56:16 IST" duration-ms="171">
    <groups>
    </groups>
    <test started-at="2026-06-29T23:56:15 IST" name="Surefire test" finished-at="2026-06-29T23:56:16 IST" duration-ms="171">
      <class name="com.flexilant.CsvFileComparisonTest">
        <test-method signature="printBothHeader()[pri:1, instance:com.flexilant.CsvFileComparisonTest@6399551e]" started-at="2026-06-29T23:56:15 IST" name="printBothHeader" description="Print all headers of both files" finished-at="2026-06-29T23:56:15 IST" duration-ms="65" status="PASS">
          <reporter-output>
          </reporter-output>
        </test-method> <!-- printBothHeader -->
      </class> <!-- com.flexilant.CsvFileComparisonTest -->
    </test> <!-- Surefire test -->
  </suite> <!-- Surefire suite -->
</testng-results>
